[2025-10-21 15:46:31.844] [DEBUG] StateViewSet: {'store': {'state': {'4653500D004C0047': {'STATUS': {'Voltage': {'AV1': {'Id': 1, 'Value': 2490, 'Unit': 'mV'}, 'AV2': {'Id': 2, 'Value': 2500, 'Unit': 'mV'}, 'AV3': {'Id': 3, 'Value': 2480, 'Unit': 'mV'}, 'AV4': {'Id': 4, 'Value': 2480, 'Unit': 'mV'}, 'Id': 1, 'Value': 2490, 'Unit': 'mV'}, 'Current': {'AI1': {'Id': 1, 'Value': 0, 'Unit': 'uA'}, 'AI2': {'Id': 2, 'Value': 0, 'Unit': 'uA'}, 'AI3': {'Id': 3, 'Value': 0, 'Unit': 'uA'}, 'AI4': {'Id': 4, 'Value': 0, 'Unit': 'uA'}, 'Id': 1, 'Value': 0.0, 'Unit': 'mA'}, 'Position': {'Roll': {'Value': 2.592863082885742, 'Unit': '째'}, 'Pitch': {'Value': 2.430708408355713, 'Unit': '째'}}, 'Firmware': {'Version': '1.1.8'}, 'Serial_Setup': {'Channel': 1, 'Type': 'SDI', 'Baudrate': '1200', 'Data_Bit': '7 Bit', 'Parity': 'EVEN', 'Stop_Bit': '1 Bit', 'Flow_Control': 'NONE'}}, 'Meta': {'last_updated': '2025-10-20T12:08:35Z', 'ANALOG_READ_ALL': '2025-10-20T15:05:53.205259+09:00', 'ACCEL_READ': '2025-10-20T20:18:37.553388+09:00', 'FIRMWARE_VERSION_READ': '2025-10-20T19:00:39.798277+09:00', 'GPS_READ': '2025-10-19T16:53:11.796710+09:00', 'SERIAL_SETUP_READ': '2025-10-20T20:59:43.798530+09:00', 'SERIAL_SETUP': '2025-10-20T21:07:38.820648+09:00', 'SERIAL_WRITE': '2025-10-20T21:08:35.137012+09:00', 'ANALOG_READ': '2025-10-20T15:03:14.459785+09:00', 'FIRMWARE_VERSION_UPDATE': '2025-10-20T18:59:06.521855+09:00'}, 'Job': {'ANALOG_READ_ALL': {'cron': '*/2 * * * *', 'Enabled': True, 'Last_Executed': '2025-10-19T07:50:48.923913+09:00', 'Next_Execution': '2025-10-19T07:52:48.923913+09:00', 'Last_Failed': None, 'Error_Message': None}, 'ACCEL_READ': {'cron': '0 * * * *', 'Enabled': True, 'Last_Executed': '2025-10-19T07:53:47.923913+09:00', 'Next_Execution': '2025-10-19T07:52:48.923913+09:00', 'Last_Failed': None, 'Error_Message': None}}}, '4653500D004D0011': {'STATUS': {'Digital_Input': {'DI1': {'Id': 1, 'Value': 0}, 'DI2': {'Id': 2, 'Value': 0}, 'DI3': {'Id': 3, 'Value': 0}, 'DI4': {'Id': 4, 'Value': 0}, 'DI5': {'Id': 5, 'Value': 0}, 'DI6': {'Id': 6, 'Value': 0}, 'DI7': {'Id': 7, 'Value': 0}, 'DI8': {'Id': 8, 'Value': 0}}, 'Digital_Output': {'DO1': {'Id': 1, 'Value': 0, 'Current': 0}, 'DO2': {'Id': 2, 'Value': 0, 'Current': 0}, 'DO3': {'Id': 3, 'Value': 0, 'Current': 0}, 'DO4': {'Id': 4, 'Value': 0, 'Current': 0}, 'DO5': {'Id': 5, 'Value': 0, 'Current': 0}, 'DO6': {'Id': 6, 'Value': 0, 'Current': 0}, 'DO7': {'Id': 7, 'Value': 0, 'Current': 0}, 'DO8': {'Id': 8, 'Value': 0, 'Current': 0}}, 'Firmware': {'Version': '1.1.7'}, 'Position': {'Roll': {'Value': 3.2099432945251465, 'Unit': '째'}, 'Pitch': {'Value': 8.559027671813965, 'Unit': '째'}}}, 'Meta': {'last_updated': '2025-10-20T10:03:57Z', 'DIO_READ_ALL': '2025-10-20T15:01:20.856841+09:00', 'DI_THRESHOLD_WRITE': '2025-10-20T15:14:17.186777+09:00', 'FIRMWARE_VERSION_READ': '2025-10-18T16:45:46.557674+09:00', 'GPS_READ': '2025-10-18T16:47:22.573992+09:00', 'DO_WRITE': '2025-10-20T16:09:53.387705+09:00', 'ACCEL_READ': '2025-10-18T17:06:09.382424+09:00', 'DO_WRITE_ALL': '2025-10-20T16:08:53.620915+09:00', 'SERIAL_WRITE': '2025-10-18T17:43:34.320588+09:00', 'DI_READ': '2025-10-20T15:10:41.336014+09:00', 'DO_READ': '2025-10-20T15:36:05.979903+09:00', 'FIRMWARE_VERSION_UPDATE': '2025-10-20T19:03:57.973517+09:00'}, 'SETUP': {'Digital_Input_Threshold': {'Threshold': '18V'}, 'Digital_Output': {'DO1': {'Id': 1, 'Value': 0}, 'DO0': {'Id': 0, 'Value': 0}, 'DO2': {'Id': 2, 'Value': 1}, 'DO3': {'Id': 3, 'Value': 1}, 'DO4': {'Id': 4, 'Value': 1}, 'DO5': {'Id': 5, 'Value': 0}, 'DO6': {'Id': 6, 'Value': 0}, 'DO7': {'Id': 7, 'Value': 0}, 'DO8': {'Id': 8, 'Value': 0}}}}}}, 'zero_mode': True, '_state': {}}
[2025-10-21 18:17:28.324] [INFO] DE-MCU Client initialized with port: COM8, baudrate: 19200, environment: development
[2025-10-21 18:17:28.324] [ERROR] DE_MCU_Exception: pyserial import failed: No module named 'serial' (endpoint=COM8, retryable=False)
Caused by:
Traceback (most recent call last):
  File "D:\project\projects\jais\py_backend\utils\protocol\MCU\client\base.py", line 110, in _get_serial_module
    import serial as _serial
ModuleNotFoundError: No module named 'serial'

[2025-10-21 18:17:28.324] [WARNING] Handshake failed on COM8: pyserial import failed: No module named 'serial' (endpoint=COM8, retryable=False)
[2025-10-21 18:33:41.640] [INFO] DE-MCU Client initialized with port: COM8, baudrate: 19200, environment: development
[2025-10-21 18:33:41.647] [DEBUG] NODE_SELECT_REQ : TX -> 7E 20 08 47 00 4C 00 0D 50 53 46 15
[2025-10-21 18:33:41.662] [DEBUG] NODE_SELECT_RES : RX <- 7E 21 01 01 5F
[2025-10-21 18:33:41.663] [DEBUG] ACCEL_READ_REQ : TX -> 7E 90 00 EE
[2025-10-21 18:33:41.678] [DEBUG] ACCEL_READ_RES : RX <- 7E 91 08 03 C2 19 40 0F E7 A6 3F 0E
[2025-10-21 18:33:41.850] [DEBUG] DE_MCUSerialViewSet: serial=4653500D004C0047 command=ACCEL_READ_REQ saved
[2025-10-21 18:33:51.238] [INFO] DE-MCU Client initialized with port: COM8, baudrate: 19200, environment: development
[2025-10-21 18:33:51.261] [DEBUG] NODE_SELECT_REQ : TX -> 7E 20 08 11 00 4D 00 0D 50 53 46 42
[2025-10-21 18:33:51.277] [DEBUG] NODE_SELECT_RES : RX <- 7E 21 01 01 5F
[2025-10-21 18:33:51.277] [DEBUG] ACCEL_READ_REQ : TX -> 7E 90 00 EE
[2025-10-21 18:33:51.292] [DEBUG] ACCEL_READ_RES : RX <- 7E 91 08 9C 28 57 40 CC BF 3F 40 48
[2025-10-21 18:33:51.468] [DEBUG] DE_MCUSerialViewSet: serial=4653500D004D0011 command=ACCEL_READ_REQ saved
[2025-10-21 18:58:07.461] [INFO] DE-MCU Client initialized with port: COM8, baudrate: 19200, environment: development
[2025-10-21 18:58:07.483] [DEBUG] NODE_SELECT_REQ : TX -> 7E 20 08 11 00 4D 00 0D 50 53 46 42
[2025-10-21 18:58:07.499] [DEBUG] NODE_SELECT_RES : RX <- 7E 21 01 01 5F
[2025-10-21 18:58:07.499] [DEBUG] ACCEL_READ_REQ : TX -> 7E 90 00 EE
[2025-10-21 18:58:07.515] [DEBUG] ACCEL_READ_RES : RX <- 7E 91 08 6F 8E 50 40 3F DD 25 40 91
[2025-10-21 18:58:20.940] [INFO] DE-MCU Client initialized with port: COM8, baudrate: 19200, environment: development
[2025-10-21 18:58:20.948] [DEBUG] NODE_SELECT_REQ : TX -> 7E 20 08 47 00 4C 00 0D 50 53 46 15
[2025-10-21 18:58:20.962] [DEBUG] NODE_SELECT_RES : RX <- 7E 21 01 01 5F
[2025-10-21 18:58:20.962] [DEBUG] ACCEL_READ_REQ : TX -> 7E 90 00 EE
[2025-10-21 18:58:20.978] [DEBUG] ACCEL_READ_RES : RX <- 7E 91 08 82 13 48 40 76 A7 CC 3F 5C
[2025-10-21 18:58:25.855] [DEBUG] DE_MCUSerialViewSet: serial=4653500D004D0011 command=ACCEL_READ_REQ saved
[2025-10-21 18:58:44.332] [DEBUG] DE_MCUSerialViewSet: serial=4653500D004C0047 command=ACCEL_READ_REQ saved
