[2025-10-23 00:00:15.457] [INFO] Starting autosave for 4 apps in CONTEXT_REGISTRY
[2025-10-23 00:00:15.459] [DEBUG] No state to save for agriseed
[2025-10-23 00:00:15.459] [DEBUG] No state to save for LSISsocket
[2025-10-23 00:00:15.459] [DEBUG] No state to save for corecode
[2025-10-23 00:00:15.459] [DEBUG] No state to save for MCUnode
[2025-10-23 00:00:15.460] [INFO] Autosave completed: 4/4 apps successfully saved to sqlite
[2025-10-23 00:00:15.462] [DEBUG] SQLite-only mode: using centralized storage for app: agriseed
[2025-10-23 00:00:15.462] [DEBUG] SQLite-only mode: using centralized storage for app: corecode
[2025-10-23 00:00:15.463] [DEBUG] SQLite-only mode: using centralized storage for app: LSISsocket
[2025-10-23 00:00:15.463] [DEBUG] SQLite-only mode: using centralized storage for app: MCUnode
[2025-10-23 00:00:15.463] [INFO] Persist skipped for agriseed: state empty
[2025-10-23 00:00:15.465] [DEBUG] SQLite-only mode: using centralized storage for app: agriseed
[2025-10-23 00:00:15.465] [DEBUG] SQLite-only mode: using centralized storage for app: corecode
[2025-10-23 00:00:15.466] [DEBUG] SQLite-only mode: using centralized storage for app: LSISsocket
[2025-10-23 00:00:15.466] [DEBUG] SQLite-only mode: using centralized storage for app: MCUnode
[2025-10-23 00:00:15.466] [INFO] Persist skipped for LSISsocket: state empty
[2025-10-23 00:00:15.468] [DEBUG] SQLite-only mode: using centralized storage for app: agriseed
[2025-10-23 00:00:15.468] [DEBUG] SQLite-only mode: using centralized storage for app: corecode
[2025-10-23 00:00:15.468] [DEBUG] SQLite-only mode: using centralized storage for app: LSISsocket
[2025-10-23 00:00:15.469] [DEBUG] SQLite-only mode: using centralized storage for app: MCUnode
[2025-10-23 00:00:15.469] [INFO] Persist skipped for corecode: state empty
[2025-10-23 00:00:15.472] [DEBUG] SQLite-only mode: using centralized storage for app: agriseed
[2025-10-23 00:00:15.472] [DEBUG] SQLite-only mode: using centralized storage for app: corecode
[2025-10-23 00:00:15.472] [DEBUG] SQLite-only mode: using centralized storage for app: LSISsocket
[2025-10-23 00:00:15.472] [DEBUG] SQLite-only mode: using centralized storage for app: MCUnode
[2025-10-23 00:00:15.473] [INFO] Persist skipped for MCUnode: state empty
